<?xml version="1.0" encoding="UTF-8"?>
<!-- Generated by org.testng.reporters.JUnitReportReporter -->
<testsuite hostname="Abhishek" failures="0" tests="3" name="runners.UserLoginRunner" time="15.518" errors="0" timestamp="2024-05-06T12:54:39 IST" skipped="0">
  <testcase classname="runners.UserLoginRunner" name="runScenario" time="5.012"/>
  <testcase classname="runners.UserLoginRunner" name="runScenario" time="4.569"/>
  <testcase classname="runners.UserLoginRunner" name="runScenario" time="5.937"/>
</testsuite> <!-- runners.UserLoginRunner -->
